<?xml version="1.0" encoding="UTF-8"?>
<!-- Generated by org.testng.reporters.JUnitReportReporter -->
<testsuite hostname="DESKTOP-PUGVAA3" failures="0" tests="1" name="TestLayer.LoginTest" time="1.004" errors="0" timestamp="2024-01-10T21:45:40 IST" skipped="0">
  <testcase classname="TestLayer.LoginTest" name="validateLoginPage" time="1.004"/>
</testsuite> <!-- TestLayer.LoginTest -->
