<?xml version="1.0" encoding="UTF-8"?>
<!-- Generated by org.testng.reporters.JUnitReportReporter -->
<testsuite hostname="DESKTOP-PUGVAA3" failures="0" tests="3" name="TestLayer.HomePageTest" time="0.538" errors="0" timestamp="2024-01-10T21:45:40 IST" skipped="0">
  <testcase classname="TestLayer.HomePageTest" name="validatePageTitle" time="0.113"/>
  <testcase classname="TestLayer.HomePageTest" name="validatePageURL" time="0.029"/>
  <testcase classname="TestLayer.HomePageTest" name="validateAddToCart" time="0.396"/>
</testsuite> <!-- TestLayer.HomePageTest -->
